[ 2018-02-21T10:06:17+08:00 ] 127.0.0.1 /index.php/Sign/Roommain/search_room.html
INFO: [ app_init ] --START--
INFO: Run Behavior\BuildLiteBehavior [ RunTime:0.000044s ]
INFO: [ app_init ] --END-- [ RunTime:0.001155s ]
INFO: [ app_begin ] --START--
INFO: Run Behavior\ReadHtmlCacheBehavior [ RunTime:0.000875s ]
INFO: [ app_begin ] --END-- [ RunTime:0.000934s ]
INFO: [ view_parse ] --START--
INFO: [ template_filter ] --START--
INFO: Run Behavior\ContentReplaceBehavior [ RunTime:0.000067s ]
INFO: [ template_filter ] --END-- [ RunTime:0.000110s ]
INFO: Run Behavior\ParseTemplateBehavior [ RunTime:0.011759s ]
INFO: [ view_parse ] --END-- [ RunTime:0.011835s ]
INFO: [ view_filter ] --START--
INFO: Run Behavior\WriteHtmlCacheBehavior [ RunTime:0.000678s ]
INFO: [ view_filter ] --END-- [ RunTime:0.000714s ]
INFO: [ app_end ] --START--
INFO: Run Behavior\ShowPageTraceBehavior [ RunTime:0.000950s ]
INFO: [ app_end ] --END-- [ RunTime:0.001003s ]

[ 2018-02-21T10:06:19+08:00 ] 127.0.0.1 /index.php/Sign/Roommain/del_room.html?room_id=k234
INFO: [ app_init ] --START--
INFO: Run Behavior\BuildLiteBehavior [ RunTime:0.000020s ]
INFO: [ app_init ] --END-- [ RunTime:0.000722s ]
INFO: [ app_begin ] --START--
INFO: Run Behavior\ReadHtmlCacheBehavior [ RunTime:0.000897s ]
INFO: [ app_begin ] --END-- [ RunTime:0.000950s ]

[ 2018-02-21T10:06:20+08:00 ] 127.0.0.1 /index.php/Sign/Roommain/memberdel.html
INFO: [ app_init ] --START--
INFO: Run Behavior\BuildLiteBehavior [ RunTime:0.000013s ]
INFO: [ app_init ] --END-- [ RunTime:0.000573s ]
INFO: [ app_begin ] --START--
INFO: Run Behavior\ReadHtmlCacheBehavior [ RunTime:0.001007s ]
INFO: [ app_begin ] --END-- [ RunTime:0.001098s ]
INFO: [ view_parse ] --START--
INFO: [ template_filter ] --START--
INFO: Run Behavior\ContentReplaceBehavior [ RunTime:0.000082s ]
INFO: [ template_filter ] --END-- [ RunTime:0.000178s ]
INFO: Run Behavior\ParseTemplateBehavior [ RunTime:0.011624s ]
INFO: [ view_parse ] --END-- [ RunTime:0.011684s ]
INFO: [ view_filter ] --START--
INFO: Run Behavior\WriteHtmlCacheBehavior [ RunTime:0.000716s ]
INFO: [ view_filter ] --END-- [ RunTime:0.000755s ]
INFO: [ app_end ] --START--
INFO: Run Behavior\ShowPageTraceBehavior [ RunTime:0.001174s ]
INFO: [ app_end ] --END-- [ RunTime:0.001257s ]

[ 2018-02-21T10:07:16+08:00 ] 127.0.0.1 /index.php/Sign/Roommain/del_add.html
INFO: [ app_init ] --START--
INFO: Run Behavior\BuildLiteBehavior [ RunTime:0.000020s ]
INFO: [ app_init ] --END-- [ RunTime:0.000694s ]
INFO: [ app_begin ] --START--
INFO: Run Behavior\ReadHtmlCacheBehavior [ RunTime:0.000916s ]
INFO: [ app_begin ] --END-- [ RunTime:0.000983s ]
INFO: [ view_parse ] --START--
INFO: [ template_filter ] --START--
INFO: Run Behavior\ContentReplaceBehavior [ RunTime:0.000069s ]
INFO: [ template_filter ] --END-- [ RunTime:0.000122s ]
INFO: Run Behavior\ParseTemplateBehavior [ RunTime:0.010745s ]
INFO: [ view_parse ] --END-- [ RunTime:0.010796s ]
INFO: [ view_filter ] --START--
INFO: Run Behavior\WriteHtmlCacheBehavior [ RunTime:0.000624s ]
INFO: [ view_filter ] --END-- [ RunTime:0.000660s ]
INFO: [ app_end ] --START--
INFO: Run Behavior\ShowPageTraceBehavior [ RunTime:0.001159s ]
INFO: [ app_end ] --END-- [ RunTime:0.001223s ]

[ 2018-02-21T10:07:31+08:00 ] 127.0.0.1 /index.php/Sign/Roommain/add_location.html?data=%5B%22123%22%2C1%2C2%2C3%2C4%2C5%2C6%2Cnull%2Cnull%2Cnull%2Cnull%2Cnull%2Cnull%2Cnull%2Cnull%2Cnull%2Cnull%2Cnull%2Cnull%2Cnull%2Cnull%2Cnull%2Cnull%2Cnull%2Cnull%2Cnull%2Cnull%2Cnull%2Cnull%2Cnull%2Cnull%2C31%2C32%2C33%2C34%2C35%2C36%5D
INFO: [ app_init ] --START--
INFO: Run Behavior\BuildLiteBehavior [ RunTime:0.000016s ]
INFO: [ app_init ] --END-- [ RunTime:0.000644s ]
INFO: [ app_begin ] --START--
INFO: Run Behavior\ReadHtmlCacheBehavior [ RunTime:0.000788s ]
INFO: [ app_begin ] --END-- [ RunTime:0.000838s ]
NOTIC: [8] Use of undefined constant data - assumed 'data' D:\phpstudy\phpstudy\PHPTutorial\WWW\item\sign\sign\Application\Sign\Controller\RoommainController.class.php 第 49 行.
NOTIC: [8] Use of undefined constant data - assumed 'data' D:\phpstudy\phpstudy\PHPTutorial\WWW\item\sign\sign\Application\Sign\Controller\RoommainController.class.php 第 50 行.
NOTIC: [8192] Function split() is deprecated D:\phpstudy\phpstudy\PHPTutorial\WWW\item\sign\sign\Application\Sign\Controller\RoommainController.class.php 第 51 行.
NOTIC: [8] Undefined offset: 37 D:\phpstudy\phpstudy\PHPTutorial\WWW\item\sign\sign\Application\Sign\Controller\RoommainController.class.php 第 58 行.
ERR: 1048:Column 'seat_location' cannot be null
 [ SQL语句 ] : INSERT INTO `room_location` (`room_id`,`seat_location`) VALUES ('123',NULL)
INFO: [ app_end ] --START--
INFO: Run Behavior\ShowPageTraceBehavior [ RunTime:0.001040s ]
INFO: [ app_end ] --END-- [ RunTime:0.001081s ]

[ 2018-02-21T10:07:32+08:00 ] 127.0.0.1 /index.php/Sign/Roommain/add_room.html
INFO: [ app_init ] --START--
INFO: Run Behavior\BuildLiteBehavior [ RunTime:0.000013s ]
INFO: [ app_init ] --END-- [ RunTime:0.000559s ]
INFO: [ app_begin ] --START--
INFO: Run Behavior\ReadHtmlCacheBehavior [ RunTime:0.000855s ]
INFO: [ app_begin ] --END-- [ RunTime:0.000906s ]

[ 2018-02-21T10:07:32+08:00 ] 127.0.0.1 /index.php/Sign/Roommain/del_add.html
INFO: [ app_init ] --START--
INFO: Run Behavior\BuildLiteBehavior [ RunTime:0.000014s ]
INFO: [ app_init ] --END-- [ RunTime:0.000661s ]
INFO: [ app_begin ] --START--
INFO: Run Behavior\ReadHtmlCacheBehavior [ RunTime:0.000884s ]
INFO: [ app_begin ] --END-- [ RunTime:0.000929s ]
INFO: [ view_parse ] --START--
INFO: [ template_filter ] --START--
INFO: Run Behavior\ContentReplaceBehavior [ RunTime:0.000067s ]
INFO: [ template_filter ] --END-- [ RunTime:0.000116s ]
INFO: Run Behavior\ParseTemplateBehavior [ RunTime:0.009637s ]
INFO: [ view_parse ] --END-- [ RunTime:0.009683s ]
INFO: [ view_filter ] --START--
INFO: Run Behavior\WriteHtmlCacheBehavior [ RunTime:0.000647s ]
INFO: [ view_filter ] --END-- [ RunTime:0.000683s ]
INFO: [ app_end ] --START--
INFO: Run Behavior\ShowPageTraceBehavior [ RunTime:0.001443s ]
INFO: [ app_end ] --END-- [ RunTime:0.001519s ]

[ 2018-02-21T10:07:36+08:00 ] 127.0.0.1 /index.php/Sign/Roommain/memberdel.html
INFO: [ app_init ] --START--
INFO: Run Behavior\BuildLiteBehavior [ RunTime:0.000014s ]
INFO: [ app_init ] --END-- [ RunTime:0.000727s ]
INFO: [ app_begin ] --START--
INFO: Run Behavior\ReadHtmlCacheBehavior [ RunTime:0.000948s ]
INFO: [ app_begin ] --END-- [ RunTime:0.000994s ]
INFO: [ view_parse ] --START--
INFO: [ template_filter ] --START--
INFO: Run Behavior\ContentReplaceBehavior [ RunTime:0.000105s ]
INFO: [ template_filter ] --END-- [ RunTime:0.000179s ]
INFO: Run Behavior\ParseTemplateBehavior [ RunTime:0.012717s ]
INFO: [ view_parse ] --END-- [ RunTime:0.012795s ]
INFO: [ view_filter ] --START--
INFO: Run Behavior\WriteHtmlCacheBehavior [ RunTime:0.000777s ]
INFO: [ view_filter ] --END-- [ RunTime:0.000821s ]
INFO: [ app_end ] --START--
INFO: Run Behavior\ShowPageTraceBehavior [ RunTime:0.001874s ]
INFO: [ app_end ] --END-- [ RunTime:0.001960s ]

[ 2018-02-21T10:07:37+08:00 ] 127.0.0.1 /index.php/Sign/Roommain/del_show.html?room_id=123
INFO: [ app_init ] --START--
INFO: Run Behavior\BuildLiteBehavior [ RunTime:0.000013s ]
INFO: [ app_init ] --END-- [ RunTime:0.000575s ]
INFO: [ app_begin ] --START--
INFO: Run Behavior\ReadHtmlCacheBehavior [ RunTime:0.001773s ]
INFO: [ app_begin ] --END-- [ RunTime:0.001864s ]
INFO: [ view_parse ] --START--
INFO: [ template_filter ] --START--
INFO: Run Behavior\ContentReplaceBehavior [ RunTime:0.000047s ]
INFO: [ template_filter ] --END-- [ RunTime:0.000119s ]
INFO: Run Behavior\ParseTemplateBehavior [ RunTime:0.008210s ]
INFO: [ view_parse ] --END-- [ RunTime:0.008269s ]
INFO: [ view_filter ] --START--
INFO: Run Behavior\WriteHtmlCacheBehavior [ RunTime:0.000568s ]
INFO: [ view_filter ] --END-- [ RunTime:0.000602s ]
INFO: [ app_end ] --START--
INFO: Run Behavior\ShowPageTraceBehavior [ RunTime:0.000916s ]
INFO: [ app_end ] --END-- [ RunTime:0.000951s ]

[ 2018-02-21T10:07:38+08:00 ] 127.0.0.1 /index.php/Sign/Roommain/find_location.html?data=%22123%22
INFO: [ app_init ] --START--
INFO: Run Behavior\BuildLiteBehavior [ RunTime:0.000022s ]
INFO: [ app_init ] --END-- [ RunTime:0.000728s ]
INFO: [ app_begin ] --START--
INFO: Run Behavior\ReadHtmlCacheBehavior [ RunTime:0.001169s ]
INFO: [ app_begin ] --END-- [ RunTime:0.001249s ]
NOTIC: [8] Use of undefined constant data - assumed 'data' D:\phpstudy\phpstudy\PHPTutorial\WWW\item\sign\sign\Application\Sign\Controller\RoommainController.class.php 第 68 行.
NOTIC: [8] Use of undefined constant data - assumed 'data' D:\phpstudy\phpstudy\PHPTutorial\WWW\item\sign\sign\Application\Sign\Controller\RoommainController.class.php 第 69 行.
NOTIC: [8] Use of undefined constant seat_location - assumed 'seat_location' D:\phpstudy\phpstudy\PHPTutorial\WWW\item\sign\sign\Application\Sign\Controller\RoommainController.class.php 第 81 行.
NOTIC: [8] Use of undefined constant seat_location - assumed 'seat_location' D:\phpstudy\phpstudy\PHPTutorial\WWW\item\sign\sign\Application\Sign\Controller\RoommainController.class.php 第 81 行.
NOTIC: [8] Use of undefined constant seat_location - assumed 'seat_location' D:\phpstudy\phpstudy\PHPTutorial\WWW\item\sign\sign\Application\Sign\Controller\RoommainController.class.php 第 81 行.
NOTIC: [8] Use of undefined constant seat_location - assumed 'seat_location' D:\phpstudy\phpstudy\PHPTutorial\WWW\item\sign\sign\Application\Sign\Controller\RoommainController.class.php 第 81 行.
NOTIC: [8] Use of undefined constant seat_location - assumed 'seat_location' D:\phpstudy\phpstudy\PHPTutorial\WWW\item\sign\sign\Application\Sign\Controller\RoommainController.class.php 第 81 行.
NOTIC: [8] Use of undefined constant seat_location - assumed 'seat_location' D:\phpstudy\phpstudy\PHPTutorial\WWW\item\sign\sign\Application\Sign\Controller\RoommainController.class.php 第 81 行.
NOTIC: [8] Use of undefined constant seat_location - assumed 'seat_location' D:\phpstudy\phpstudy\PHPTutorial\WWW\item\sign\sign\Application\Sign\Controller\RoommainController.class.php 第 81 行.
NOTIC: [8] Use of undefined constant seat_location - assumed 'seat_location' D:\phpstudy\phpstudy\PHPTutorial\WWW\item\sign\sign\Application\Sign\Controller\RoommainController.class.php 第 81 行.
NOTIC: [8] Use of undefined constant seat_location - assumed 'seat_location' D:\phpstudy\phpstudy\PHPTutorial\WWW\item\sign\sign\Application\Sign\Controller\RoommainController.class.php 第 81 行.
NOTIC: [8] Use of undefined constant seat_location - assumed 'seat_location' D:\phpstudy\phpstudy\PHPTutorial\WWW\item\sign\sign\Application\Sign\Controller\RoommainController.class.php 第 81 行.
NOTIC: [8] Use of undefined constant seat_location - assumed 'seat_location' D:\phpstudy\phpstudy\PHPTutorial\WWW\item\sign\sign\Application\Sign\Controller\RoommainController.class.php 第 81 行.
NOTIC: [8] Use of undefined constant seat_location - assumed 'seat_location' D:\phpstudy\phpstudy\PHPTutorial\WWW\item\sign\sign\Application\Sign\Controller\RoommainController.class.php 第 81 行.
NOTIC: [8] Use of undefined constant seat_location - assumed 'seat_location' D:\phpstudy\phpstudy\PHPTutorial\WWW\item\sign\sign\Application\Sign\Controller\RoommainController.class.php 第 81 行.
NOTIC: [8] Use of undefined constant seat_location - assumed 'seat_location' D:\phpstudy\phpstudy\PHPTutorial\WWW\item\sign\sign\Application\Sign\Controller\RoommainController.class.php 第 81 行.
NOTIC: [8] Use of undefined constant seat_location - assumed 'seat_location' D:\phpstudy\phpstudy\PHPTutorial\WWW\item\sign\sign\Application\Sign\Controller\RoommainController.class.php 第 81 行.
NOTIC: [8] Use of undefined constant seat_location - assumed 'seat_location' D:\phpstudy\phpstudy\PHPTutorial\WWW\item\sign\sign\Application\Sign\Controller\RoommainController.class.php 第 81 行.
NOTIC: [8] Use of undefined constant seat_location - assumed 'seat_location' D:\phpstudy\phpstudy\PHPTutorial\WWW\item\sign\sign\Application\Sign\Controller\RoommainController.class.php 第 81 行.
NOTIC: [8] Use of undefined constant seat_location - assumed 'seat_location' D:\phpstudy\phpstudy\PHPTutorial\WWW\item\sign\sign\Application\Sign\Controller\RoommainController.class.php 第 81 行.
NOTIC: [8] Use of undefined constant seat_location - assumed 'seat_location' D:\phpstudy\phpstudy\PHPTutorial\WWW\item\sign\sign\Application\Sign\Controller\RoommainController.class.php 第 81 行.
NOTIC: [8] Use of undefined constant seat_location - assumed 'seat_location' D:\phpstudy\phpstudy\PHPTutorial\WWW\item\sign\sign\Application\Sign\Controller\RoommainController.class.php 第 81 行.
NOTIC: [8] Use of undefined constant seat_location - assumed 'seat_location' D:\phpstudy\phpstudy\PHPTutorial\WWW\item\sign\sign\Application\Sign\Controller\RoommainController.class.php 第 81 行.
NOTIC: [8] Use of undefined constant seat_location - assumed 'seat_location' D:\phpstudy\phpstudy\PHPTutorial\WWW\item\sign\sign\Application\Sign\Controller\RoommainController.class.php 第 81 行.
NOTIC: [8] Use of undefined constant seat_location - assumed 'seat_location' D:\phpstudy\phpstudy\PHPTutorial\WWW\item\sign\sign\Application\Sign\Controller\RoommainController.class.php 第 81 行.
NOTIC: [8] Use of undefined constant seat_location - assumed 'seat_location' D:\phpstudy\phpstudy\PHPTutorial\WWW\item\sign\sign\Application\Sign\Controller\RoommainController.class.php 第 81 行.
NOTIC: [8] Use of undefined constant seat_location - assumed 'seat_location' D:\phpstudy\phpstudy\PHPTutorial\WWW\item\sign\sign\Application\Sign\Controller\RoommainController.class.php 第 81 行.
NOTIC: [8] Use of undefined constant seat_location - assumed 'seat_location' D:\phpstudy\phpstudy\PHPTutorial\WWW\item\sign\sign\Application\Sign\Controller\RoommainController.class.php 第 81 行.
NOTIC: [8] Use of undefined constant seat_location - assumed 'seat_location' D:\phpstudy\phpstudy\PHPTutorial\WWW\item\sign\sign\Application\Sign\Controller\RoommainController.class.php 第 81 行.
NOTIC: [8] Use of undefined constant seat_location - assumed 'seat_location' D:\phpstudy\phpstudy\PHPTutorial\WWW\item\sign\sign\Application\Sign\Controller\RoommainController.class.php 第 81 行.
NOTIC: [8] Use of undefined constant seat_location - assumed 'seat_location' D:\phpstudy\phpstudy\PHPTutorial\WWW\item\sign\sign\Application\Sign\Controller\RoommainController.class.php 第 81 行.
NOTIC: [8] Use of undefined constant seat_location - assumed 'seat_location' D:\phpstudy\phpstudy\PHPTutorial\WWW\item\sign\sign\Application\Sign\Controller\RoommainController.class.php 第 81 行.
NOTIC: [8] Use of undefined constant seat_location - assumed 'seat_location' D:\phpstudy\phpstudy\PHPTutorial\WWW\item\sign\sign\Application\Sign\Controller\RoommainController.class.php 第 81 行.
NOTIC: [8] Use of undefined constant seat_location - assumed 'seat_location' D:\phpstudy\phpstudy\PHPTutorial\WWW\item\sign\sign\Application\Sign\Controller\RoommainController.class.php 第 81 行.
NOTIC: [8] Use of undefined constant seat_location - assumed 'seat_location' D:\phpstudy\phpstudy\PHPTutorial\WWW\item\sign\sign\Application\Sign\Controller\RoommainController.class.php 第 81 行.
NOTIC: [8] Use of undefined constant seat_location - assumed 'seat_location' D:\phpstudy\phpstudy\PHPTutorial\WWW\item\sign\sign\Application\Sign\Controller\RoommainController.class.php 第 81 行.
NOTIC: [8] Use of undefined constant seat_location - assumed 'seat_location' D:\phpstudy\phpstudy\PHPTutorial\WWW\item\sign\sign\Application\Sign\Controller\RoommainController.class.php 第 81 行.
NOTIC: [8] Use of undefined constant seat_location - assumed 'seat_location' D:\phpstudy\phpstudy\PHPTutorial\WWW\item\sign\sign\Application\Sign\Controller\RoommainController.class.php 第 81 行.
NOTIC: [8] Undefined variable: myarray D:\phpstudy\phpstudy\PHPTutorial\WWW\item\sign\sign\Application\Sign\Controller\RoommainController.class.php 第 89 行.
NOTIC: [8] Undefined offset: 1 D:\phpstudy\phpstudy\PHPTutorial\WWW\item\sign\sign\Application\Sign\Controller\RoommainController.class.php 第 89 行.
NOTIC: [8] Undefined offset: 2 D:\phpstudy\phpstudy\PHPTutorial\WWW\item\sign\sign\Application\Sign\Controller\RoommainController.class.php 第 89 行.
NOTIC: [8] Undefined offset: 3 D:\phpstudy\phpstudy\PHPTutorial\WWW\item\sign\sign\Application\Sign\Controller\RoommainController.class.php 第 89 行.
NOTIC: [8] Undefined offset: 4 D:\phpstudy\phpstudy\PHPTutorial\WWW\item\sign\sign\Application\Sign\Controller\RoommainController.class.php 第 89 行.
NOTIC: [8] Undefined offset: 5 D:\phpstudy\phpstudy\PHPTutorial\WWW\item\sign\sign\Application\Sign\Controller\RoommainController.class.php 第 89 行.
NOTIC: [8] Undefined offset: 6 D:\phpstudy\phpstudy\PHPTutorial\WWW\item\sign\sign\Application\Sign\Controller\RoommainController.class.php 第 89 行.
NOTIC: [8] Undefined offset: 7 D:\phpstudy\phpstudy\PHPTutorial\WWW\item\sign\sign\Application\Sign\Controller\RoommainController.class.php 第 89 行.
NOTIC: [8] Undefined offset: 8 D:\phpstudy\phpstudy\PHPTutorial\WWW\item\sign\sign\Application\Sign\Controller\RoommainController.class.php 第 89 行.
NOTIC: [8] Undefined offset: 9 D:\phpstudy\phpstudy\PHPTutorial\WWW\item\sign\sign\Application\Sign\Controller\RoommainController.class.php 第 89 行.
NOTIC: [8] Undefined offset: 10 D:\phpstudy\phpstudy\PHPTutorial\WWW\item\sign\sign\Application\Sign\Controller\RoommainController.class.php 第 89 行.
NOTIC: [8] Undefined offset: 11 D:\phpstudy\phpstudy\PHPTutorial\WWW\item\sign\sign\Application\Sign\Controller\RoommainController.class.php 第 89 行.
NOTIC: [8] Undefined offset: 12 D:\phpstudy\phpstudy\PHPTutorial\WWW\item\sign\sign\Application\Sign\Controller\RoommainController.class.php 第 89 行.
NOTIC: [8] Undefined offset: 13 D:\phpstudy\phpstudy\PHPTutorial\WWW\item\sign\sign\Application\Sign\Controller\RoommainController.class.php 第 89 行.
NOTIC: [8] Undefined offset: 14 D:\phpstudy\phpstudy\PHPTutorial\WWW\item\sign\sign\Application\Sign\Controller\RoommainController.class.php 第 89 行.
NOTIC: [8] Undefined offset: 15 D:\phpstudy\phpstudy\PHPTutorial\WWW\item\sign\sign\Application\Sign\Controller\RoommainController.class.php 第 89 行.
NOTIC: [8] Undefined offset: 16 D:\phpstudy\phpstudy\PHPTutorial\WWW\item\sign\sign\Application\Sign\Controller\RoommainController.class.php 第 89 行.
NOTIC: [8] Undefined offset: 17 D:\phpstudy\phpstudy\PHPTutorial\WWW\item\sign\sign\Application\Sign\Controller\RoommainController.class.php 第 89 行.
NOTIC: [8] Undefined offset: 18 D:\phpstudy\phpstudy\PHPTutorial\WWW\item\sign\sign\Application\Sign\Controller\RoommainController.class.php 第 89 行.
NOTIC: [8] Undefined offset: 19 D:\phpstudy\phpstudy\PHPTutorial\WWW\item\sign\sign\Application\Sign\Controller\RoommainController.class.php 第 89 行.
NOTIC: [8] Undefined offset: 20 D:\phpstudy\phpstudy\PHPTutorial\WWW\item\sign\sign\Application\Sign\Controller\RoommainController.class.php 第 89 行.
NOTIC: [8] Undefined offset: 21 D:\phpstudy\phpstudy\PHPTutorial\WWW\item\sign\sign\Application\Sign\Controller\RoommainController.class.php 第 89 行.
NOTIC: [8] Undefined offset: 22 D:\phpstudy\phpstudy\PHPTutorial\WWW\item\sign\sign\Application\Sign\Controller\RoommainController.class.php 第 89 行.
NOTIC: [8] Undefined offset: 23 D:\phpstudy\phpstudy\PHPTutorial\WWW\item\sign\sign\Application\Sign\Controller\RoommainController.class.php 第 89 行.
NOTIC: [8] Undefined offset: 24 D:\phpstudy\phpstudy\PHPTutorial\WWW\item\sign\sign\Application\Sign\Controller\RoommainController.class.php 第 89 行.
NOTIC: [8] Undefined offset: 25 D:\phpstudy\phpstudy\PHPTutorial\WWW\item\sign\sign\Application\Sign\Controller\RoommainController.class.php 第 89 行.
NOTIC: [8] Undefined offset: 26 D:\phpstudy\phpstudy\PHPTutorial\WWW\item\sign\sign\Application\Sign\Controller\RoommainController.class.php 第 89 行.
NOTIC: [8] Undefined offset: 27 D:\phpstudy\phpstudy\PHPTutorial\WWW\item\sign\sign\Application\Sign\Controller\RoommainController.class.php 第 89 行.
NOTIC: [8] Undefined offset: 28 D:\phpstudy\phpstudy\PHPTutorial\WWW\item\sign\sign\Application\Sign\Controller\RoommainController.class.php 第 89 行.
NOTIC: [8] Undefined offset: 29 D:\phpstudy\phpstudy\PHPTutorial\WWW\item\sign\sign\Application\Sign\Controller\RoommainController.class.php 第 89 行.
INFO: [ app_end ] --START--
INFO: Run Behavior\ShowPageTraceBehavior [ RunTime:0.001045s ]
INFO: [ app_end ] --END-- [ RunTime:0.001099s ]

[ 2018-02-21T10:09:24+08:00 ] 127.0.0.1 /index.php/Sign/Roommain/del_show.html?room_id=k300
INFO: [ app_init ] --START--
INFO: Run Behavior\BuildLiteBehavior [ RunTime:0.000016s ]
INFO: [ app_init ] --END-- [ RunTime:0.000817s ]
INFO: [ app_begin ] --START--
INFO: Run Behavior\ReadHtmlCacheBehavior [ RunTime:0.000897s ]
INFO: [ app_begin ] --END-- [ RunTime:0.000949s ]
INFO: [ view_parse ] --START--
INFO: [ template_filter ] --START--
INFO: Run Behavior\ContentReplaceBehavior [ RunTime:0.000082s ]
INFO: [ template_filter ] --END-- [ RunTime:0.000158s ]
INFO: Run Behavior\ParseTemplateBehavior [ RunTime:0.010533s ]
INFO: [ view_parse ] --END-- [ RunTime:0.010588s ]
INFO: [ view_filter ] --START--
INFO: Run Behavior\WriteHtmlCacheBehavior [ RunTime:0.000674s ]
INFO: [ view_filter ] --END-- [ RunTime:0.000710s ]
INFO: [ app_end ] --START--
INFO: Run Behavior\ShowPageTraceBehavior [ RunTime:0.000775s ]
INFO: [ app_end ] --END-- [ RunTime:0.000809s ]

[ 2018-02-21T10:09:25+08:00 ] 127.0.0.1 /index.php/Sign/Roommain/find_location.html?data=%22k300%22
INFO: [ app_init ] --START--
INFO: Run Behavior\BuildLiteBehavior [ RunTime:0.000020s ]
INFO: [ app_init ] --END-- [ RunTime:0.000677s ]
INFO: [ app_begin ] --START--
INFO: Run Behavior\ReadHtmlCacheBehavior [ RunTime:0.001048s ]
INFO: [ app_begin ] --END-- [ RunTime:0.001158s ]
NOTIC: [8] Use of undefined constant data - assumed 'data' D:\phpstudy\phpstudy\PHPTutorial\WWW\item\sign\sign\Application\Sign\Controller\RoommainController.class.php 第 68 行.
NOTIC: [8] Use of undefined constant data - assumed 'data' D:\phpstudy\phpstudy\PHPTutorial\WWW\item\sign\sign\Application\Sign\Controller\RoommainController.class.php 第 69 行.
NOTIC: [8] Use of undefined constant seat_location - assumed 'seat_location' D:\phpstudy\phpstudy\PHPTutorial\WWW\item\sign\sign\Application\Sign\Controller\RoommainController.class.php 第 81 行.
NOTIC: [8] Use of undefined constant seat_location - assumed 'seat_location' D:\phpstudy\phpstudy\PHPTutorial\WWW\item\sign\sign\Application\Sign\Controller\RoommainController.class.php 第 81 行.
NOTIC: [8] Use of undefined constant seat_location - assumed 'seat_location' D:\phpstudy\phpstudy\PHPTutorial\WWW\item\sign\sign\Application\Sign\Controller\RoommainController.class.php 第 81 行.
NOTIC: [8] Use of undefined constant seat_location - assumed 'seat_location' D:\phpstudy\phpstudy\PHPTutorial\WWW\item\sign\sign\Application\Sign\Controller\RoommainController.class.php 第 81 行.
NOTIC: [8] Use of undefined constant seat_location - assumed 'seat_location' D:\phpstudy\phpstudy\PHPTutorial\WWW\item\sign\sign\Application\Sign\Controller\RoommainController.class.php 第 81 行.
NOTIC: [8] Undefined variable: myarray D:\phpstudy\phpstudy\PHPTutorial\WWW\item\sign\sign\Application\Sign\Controller\RoommainController.class.php 第 89 行.
NOTIC: [8] Undefined offset: 1 D:\phpstudy\phpstudy\PHPTutorial\WWW\item\sign\sign\Application\Sign\Controller\RoommainController.class.php 第 89 行.
NOTIC: [8] Undefined offset: 2 D:\phpstudy\phpstudy\PHPTutorial\WWW\item\sign\sign\Application\Sign\Controller\RoommainController.class.php 第 89 行.
NOTIC: [8] Undefined offset: 3 D:\phpstudy\phpstudy\PHPTutorial\WWW\item\sign\sign\Application\Sign\Controller\RoommainController.class.php 第 89 行.
NOTIC: [8] Undefined offset: 4 D:\phpstudy\phpstudy\PHPTutorial\WWW\item\sign\sign\Application\Sign\Controller\RoommainController.class.php 第 89 行.
NOTIC: [8] Undefined offset: 5 D:\phpstudy\phpstudy\PHPTutorial\WWW\item\sign\sign\Application\Sign\Controller\RoommainController.class.php 第 89 行.
NOTIC: [8] Undefined offset: 6 D:\phpstudy\phpstudy\PHPTutorial\WWW\item\sign\sign\Application\Sign\Controller\RoommainController.class.php 第 89 行.
NOTIC: [8] Undefined offset: 7 D:\phpstudy\phpstudy\PHPTutorial\WWW\item\sign\sign\Application\Sign\Controller\RoommainController.class.php 第 89 行.
NOTIC: [8] Undefined offset: 8 D:\phpstudy\phpstudy\PHPTutorial\WWW\item\sign\sign\Application\Sign\Controller\RoommainController.class.php 第 89 行.
NOTIC: [8] Undefined offset: 9 D:\phpstudy\phpstudy\PHPTutorial\WWW\item\sign\sign\Application\Sign\Controller\RoommainController.class.php 第 89 行.
NOTIC: [8] Undefined offset: 10 D:\phpstudy\phpstudy\PHPTutorial\WWW\item\sign\sign\Application\Sign\Controller\RoommainController.class.php 第 89 行.
NOTIC: [8] Undefined offset: 11 D:\phpstudy\phpstudy\PHPTutorial\WWW\item\sign\sign\Application\Sign\Controller\RoommainController.class.php 第 89 行.
NOTIC: [8] Undefined offset: 12 D:\phpstudy\phpstudy\PHPTutorial\WWW\item\sign\sign\Application\Sign\Controller\RoommainController.class.php 第 89 行.
NOTIC: [8] Undefined offset: 13 D:\phpstudy\phpstudy\PHPTutorial\WWW\item\sign\sign\Application\Sign\Controller\RoommainController.class.php 第 89 行.
NOTIC: [8] Undefined offset: 14 D:\phpstudy\phpstudy\PHPTutorial\WWW\item\sign\sign\Application\Sign\Controller\RoommainController.class.php 第 89 行.
NOTIC: [8] Undefined offset: 15 D:\phpstudy\phpstudy\PHPTutorial\WWW\item\sign\sign\Application\Sign\Controller\RoommainController.class.php 第 89 行.
NOTIC: [8] Undefined offset: 16 D:\phpstudy\phpstudy\PHPTutorial\WWW\item\sign\sign\Application\Sign\Controller\RoommainController.class.php 第 89 行.
NOTIC: [8] Undefined offset: 17 D:\phpstudy\phpstudy\PHPTutorial\WWW\item\sign\sign\Application\Sign\Controller\RoommainController.class.php 第 89 行.
NOTIC: [8] Undefined offset: 18 D:\phpstudy\phpstudy\PHPTutorial\WWW\item\sign\sign\Application\Sign\Controller\RoommainController.class.php 第 89 行.
NOTIC: [8] Undefined offset: 19 D:\phpstudy\phpstudy\PHPTutorial\WWW\item\sign\sign\Application\Sign\Controller\RoommainController.class.php 第 89 行.
NOTIC: [8] Undefined offset: 20 D:\phpstudy\phpstudy\PHPTutorial\WWW\item\sign\sign\Application\Sign\Controller\RoommainController.class.php 第 89 行.
NOTIC: [8] Undefined offset: 21 D:\phpstudy\phpstudy\PHPTutorial\WWW\item\sign\sign\Application\Sign\Controller\RoommainController.class.php 第 89 行.
NOTIC: [8] Undefined offset: 22 D:\phpstudy\phpstudy\PHPTutorial\WWW\item\sign\sign\Application\Sign\Controller\RoommainController.class.php 第 89 行.
NOTIC: [8] Undefined offset: 23 D:\phpstudy\phpstudy\PHPTutorial\WWW\item\sign\sign\Application\Sign\Controller\RoommainController.class.php 第 89 行.
NOTIC: [8] Undefined offset: 24 D:\phpstudy\phpstudy\PHPTutorial\WWW\item\sign\sign\Application\Sign\Controller\RoommainController.class.php 第 89 行.
NOTIC: [8] Undefined offset: 25 D:\phpstudy\phpstudy\PHPTutorial\WWW\item\sign\sign\Application\Sign\Controller\RoommainController.class.php 第 89 行.
NOTIC: [8] Undefined offset: 26 D:\phpstudy\phpstudy\PHPTutorial\WWW\item\sign\sign\Application\Sign\Controller\RoommainController.class.php 第 89 行.
NOTIC: [8] Undefined offset: 27 D:\phpstudy\phpstudy\PHPTutorial\WWW\item\sign\sign\Application\Sign\Controller\RoommainController.class.php 第 89 行.
NOTIC: [8] Undefined offset: 28 D:\phpstudy\phpstudy\PHPTutorial\WWW\item\sign\sign\Application\Sign\Controller\RoommainController.class.php 第 89 行.
NOTIC: [8] Undefined offset: 29 D:\phpstudy\phpstudy\PHPTutorial\WWW\item\sign\sign\Application\Sign\Controller\RoommainController.class.php 第 89 行.
INFO: [ app_end ] --START--
INFO: Run Behavior\ShowPageTraceBehavior [ RunTime:0.000798s ]
INFO: [ app_end ] --END-- [ RunTime:0.000845s ]

[ 2018-02-21T10:09:26+08:00 ] 127.0.0.1 /index.php/Sign/Roommain/del_show.html?room_id=123
INFO: [ app_init ] --START--
INFO: Run Behavior\BuildLiteBehavior [ RunTime:0.000023s ]
INFO: [ app_init ] --END-- [ RunTime:0.000920s ]
INFO: [ app_begin ] --START--
INFO: Run Behavior\ReadHtmlCacheBehavior [ RunTime:0.000938s ]
INFO: [ app_begin ] --END-- [ RunTime:0.001017s ]
INFO: [ view_parse ] --START--
INFO: [ template_filter ] --START--
INFO: Run Behavior\ContentReplaceBehavior [ RunTime:0.000057s ]
INFO: [ template_filter ] --END-- [ RunTime:0.000110s ]
INFO: Run Behavior\ParseTemplateBehavior [ RunTime:0.009917s ]
INFO: [ view_parse ] --END-- [ RunTime:0.009992s ]
INFO: [ view_filter ] --START--
INFO: Run Behavior\WriteHtmlCacheBehavior [ RunTime:0.000789s ]
INFO: [ view_filter ] --END-- [ RunTime:0.000832s ]
INFO: [ app_end ] --START--
INFO: Run Behavior\ShowPageTraceBehavior [ RunTime:0.001203s ]
INFO: [ app_end ] --END-- [ RunTime:0.001269s ]

[ 2018-02-21T10:09:27+08:00 ] 127.0.0.1 /index.php/Sign/Roommain/find_location.html?data=%22123%22
INFO: [ app_init ] --START--
INFO: Run Behavior\BuildLiteBehavior [ RunTime:0.000015s ]
INFO: [ app_init ] --END-- [ RunTime:0.000497s ]
INFO: [ app_begin ] --START--
INFO: Run Behavior\ReadHtmlCacheBehavior [ RunTime:0.000825s ]
INFO: [ app_begin ] --END-- [ RunTime:0.000874s ]
NOTIC: [8] Use of undefined constant data - assumed 'data' D:\phpstudy\phpstudy\PHPTutorial\WWW\item\sign\sign\Application\Sign\Controller\RoommainController.class.php 第 68 行.
NOTIC: [8] Use of undefined constant data - assumed 'data' D:\phpstudy\phpstudy\PHPTutorial\WWW\item\sign\sign\Application\Sign\Controller\RoommainController.class.php 第 69 行.
NOTIC: [8] Use of undefined constant seat_location - assumed 'seat_location' D:\phpstudy\phpstudy\PHPTutorial\WWW\item\sign\sign\Application\Sign\Controller\RoommainController.class.php 第 81 行.
NOTIC: [8] Use of undefined constant seat_location - assumed 'seat_location' D:\phpstudy\phpstudy\PHPTutorial\WWW\item\sign\sign\Application\Sign\Controller\RoommainController.class.php 第 81 行.
NOTIC: [8] Use of undefined constant seat_location - assumed 'seat_location' D:\phpstudy\phpstudy\PHPTutorial\WWW\item\sign\sign\Application\Sign\Controller\RoommainController.class.php 第 81 行.
NOTIC: [8] Use of undefined constant seat_location - assumed 'seat_location' D:\phpstudy\phpstudy\PHPTutorial\WWW\item\sign\sign\Application\Sign\Controller\RoommainController.class.php 第 81 行.
NOTIC: [8] Use of undefined constant seat_location - assumed 'seat_location' D:\phpstudy\phpstudy\PHPTutorial\WWW\item\sign\sign\Application\Sign\Controller\RoommainController.class.php 第 81 行.
NOTIC: [8] Use of undefined constant seat_location - assumed 'seat_location' D:\phpstudy\phpstudy\PHPTutorial\WWW\item\sign\sign\Application\Sign\Controller\RoommainController.class.php 第 81 行.
NOTIC: [8] Use of undefined constant seat_location - assumed 'seat_location' D:\phpstudy\phpstudy\PHPTutorial\WWW\item\sign\sign\Application\Sign\Controller\RoommainController.class.php 第 81 行.
NOTIC: [8] Use of undefined constant seat_location - assumed 'seat_location' D:\phpstudy\phpstudy\PHPTutorial\WWW\item\sign\sign\Application\Sign\Controller\RoommainController.class.php 第 81 行.
NOTIC: [8] Use of undefined constant seat_location - assumed 'seat_location' D:\phpstudy\phpstudy\PHPTutorial\WWW\item\sign\sign\Application\Sign\Controller\RoommainController.class.php 第 81 行.
NOTIC: [8] Use of undefined constant seat_location - assumed 'seat_location' D:\phpstudy\phpstudy\PHPTutorial\WWW\item\sign\sign\Application\Sign\Controller\RoommainController.class.php 第 81 行.
NOTIC: [8] Use of undefined constant seat_location - assumed 'seat_location' D:\phpstudy\phpstudy\PHPTutorial\WWW\item\sign\sign\Application\Sign\Controller\RoommainController.class.php 第 81 行.
NOTIC: [8] Use of undefined constant seat_location - assumed 'seat_location' D:\phpstudy\phpstudy\PHPTutorial\WWW\item\sign\sign\Application\Sign\Controller\RoommainController.class.php 第 81 行.
NOTIC: [8] Use of undefined constant seat_location - assumed 'seat_location' D:\phpstudy\phpstudy\PHPTutorial\WWW\item\sign\sign\Application\Sign\Controller\RoommainController.class.php 第 81 行.
NOTIC: [8] Use of undefined constant seat_location - assumed 'seat_location' D:\phpstudy\phpstudy\PHPTutorial\WWW\item\sign\sign\Application\Sign\Controller\RoommainController.class.php 第 81 行.
NOTIC: [8] Use of undefined constant seat_location - assumed 'seat_location' D:\phpstudy\phpstudy\PHPTutorial\WWW\item\sign\sign\Application\Sign\Controller\RoommainController.class.php 第 81 行.
NOTIC: [8] Use of undefined constant seat_location - assumed 'seat_location' D:\phpstudy\phpstudy\PHPTutorial\WWW\item\sign\sign\Application\Sign\Controller\RoommainController.class.php 第 81 行.
NOTIC: [8] Use of undefined constant seat_location - assumed 'seat_location' D:\phpstudy\phpstudy\PHPTutorial\WWW\item\sign\sign\Application\Sign\Controller\RoommainController.class.php 第 81 行.
NOTIC: [8] Use of undefined constant seat_location - assumed 'seat_location' D:\phpstudy\phpstudy\PHPTutorial\WWW\item\sign\sign\Application\Sign\Controller\RoommainController.class.php 第 81 行.
NOTIC: [8] Use of undefined constant seat_location - assumed 'seat_location' D:\phpstudy\phpstudy\PHPTutorial\WWW\item\sign\sign\Application\Sign\Controller\RoommainController.class.php 第 81 行.
NOTIC: [8] Use of undefined constant seat_location - assumed 'seat_location' D:\phpstudy\phpstudy\PHPTutorial\WWW\item\sign\sign\Application\Sign\Controller\RoommainController.class.php 第 81 行.
NOTIC: [8] Use of undefined constant seat_location - assumed 'seat_location' D:\phpstudy\phpstudy\PHPTutorial\WWW\item\sign\sign\Application\Sign\Controller\RoommainController.class.php 第 81 行.
NOTIC: [8] Use of undefined constant seat_location - assumed 'seat_location' D:\phpstudy\phpstudy\PHPTutorial\WWW\item\sign\sign\Application\Sign\Controller\RoommainController.class.php 第 81 行.
NOTIC: [8] Use of undefined constant seat_location - assumed 'seat_location' D:\phpstudy\phpstudy\PHPTutorial\WWW\item\sign\sign\Application\Sign\Controller\RoommainController.class.php 第 81 行.
NOTIC: [8] Use of undefined constant seat_location - assumed 'seat_location' D:\phpstudy\phpstudy\PHPTutorial\WWW\item\sign\sign\Application\Sign\Controller\RoommainController.class.php 第 81 行.
NOTIC: [8] Use of undefined constant seat_location - assumed 'seat_location' D:\phpstudy\phpstudy\PHPTutorial\WWW\item\sign\sign\Application\Sign\Controller\RoommainController.class.php 第 81 行.
NOTIC: [8] Use of undefined constant seat_location - assumed 'seat_location' D:\phpstudy\phpstudy\PHPTutorial\WWW\item\sign\sign\Application\Sign\Controller\RoommainController.class.php 第 81 行.
NOTIC: [8] Use of undefined constant seat_location - assumed 'seat_location' D:\phpstudy\phpstudy\PHPTutorial\WWW\item\sign\sign\Application\Sign\Controller\RoommainController.class.php 第 81 行.
NOTIC: [8] Use of undefined constant seat_location - assumed 'seat_location' D:\phpstudy\phpstudy\PHPTutorial\WWW\item\sign\sign\Application\Sign\Controller\RoommainController.class.php 第 81 行.
NOTIC: [8] Use of undefined constant seat_location - assumed 'seat_location' D:\phpstudy\phpstudy\PHPTutorial\WWW\item\sign\sign\Application\Sign\Controller\RoommainController.class.php 第 81 行.
NOTIC: [8] Use of undefined constant seat_location - assumed 'seat_location' D:\phpstudy\phpstudy\PHPTutorial\WWW\item\sign\sign\Application\Sign\Controller\RoommainController.class.php 第 81 行.
NOTIC: [8] Use of undefined constant seat_location - assumed 'seat_location' D:\phpstudy\phpstudy\PHPTutorial\WWW\item\sign\sign\Application\Sign\Controller\RoommainController.class.php 第 81 行.
NOTIC: [8] Use of undefined constant seat_location - assumed 'seat_location' D:\phpstudy\phpstudy\PHPTutorial\WWW\item\sign\sign\Application\Sign\Controller\RoommainController.class.php 第 81 行.
NOTIC: [8] Use of undefined constant seat_location - assumed 'seat_location' D:\phpstudy\phpstudy\PHPTutorial\WWW\item\sign\sign\Application\Sign\Controller\RoommainController.class.php 第 81 行.
NOTIC: [8] Use of undefined constant seat_location - assumed 'seat_location' D:\phpstudy\phpstudy\PHPTutorial\WWW\item\sign\sign\Application\Sign\Controller\RoommainController.class.php 第 81 行.
NOTIC: [8] Use of undefined constant seat_location - assumed 'seat_location' D:\phpstudy\phpstudy\PHPTutorial\WWW\item\sign\sign\Application\Sign\Controller\RoommainController.class.php 第 81 行.
NOTIC: [8] Use of undefined constant seat_location - assumed 'seat_location' D:\phpstudy\phpstudy\PHPTutorial\WWW\item\sign\sign\Application\Sign\Controller\RoommainController.class.php 第 81 行.
NOTIC: [8] Undefined variable: myarray D:\phpstudy\phpstudy\PHPTutorial\WWW\item\sign\sign\Application\Sign\Controller\RoommainController.class.php 第 89 行.
NOTIC: [8] Undefined offset: 1 D:\phpstudy\phpstudy\PHPTutorial\WWW\item\sign\sign\Application\Sign\Controller\RoommainController.class.php 第 89 行.
NOTIC: [8] Undefined offset: 2 D:\phpstudy\phpstudy\PHPTutorial\WWW\item\sign\sign\Application\Sign\Controller\RoommainController.class.php 第 89 行.
NOTIC: [8] Undefined offset: 3 D:\phpstudy\phpstudy\PHPTutorial\WWW\item\sign\sign\Application\Sign\Controller\RoommainController.class.php 第 89 行.
NOTIC: [8] Undefined offset: 4 D:\phpstudy\phpstudy\PHPTutorial\WWW\item\sign\sign\Application\Sign\Controller\RoommainController.class.php 第 89 行.
NOTIC: [8] Undefined offset: 5 D:\phpstudy\phpstudy\PHPTutorial\WWW\item\sign\sign\Application\Sign\Controller\RoommainController.class.php 第 89 行.
NOTIC: [8] Undefined offset: 6 D:\phpstudy\phpstudy\PHPTutorial\WWW\item\sign\sign\Application\Sign\Controller\RoommainController.class.php 第 89 行.
NOTIC: [8] Undefined offset: 7 D:\phpstudy\phpstudy\PHPTutorial\WWW\item\sign\sign\Application\Sign\Controller\RoommainController.class.php 第 89 行.
NOTIC: [8] Undefined offset: 8 D:\phpstudy\phpstudy\PHPTutorial\WWW\item\sign\sign\Application\Sign\Controller\RoommainController.class.php 第 89 行.
NOTIC: [8] Undefined offset: 9 D:\phpstudy\phpstudy\PHPTutorial\WWW\item\sign\sign\Application\Sign\Controller\RoommainController.class.php 第 89 行.
NOTIC: [8] Undefined offset: 10 D:\phpstudy\phpstudy\PHPTutorial\WWW\item\sign\sign\Application\Sign\Controller\RoommainController.class.php 第 89 行.
NOTIC: [8] Undefined offset: 11 D:\phpstudy\phpstudy\PHPTutorial\WWW\item\sign\sign\Application\Sign\Controller\RoommainController.class.php 第 89 行.
NOTIC: [8] Undefined offset: 12 D:\phpstudy\phpstudy\PHPTutorial\WWW\item\sign\sign\Application\Sign\Controller\RoommainController.class.php 第 89 行.
NOTIC: [8] Undefined offset: 13 D:\phpstudy\phpstudy\PHPTutorial\WWW\item\sign\sign\Application\Sign\Controller\RoommainController.class.php 第 89 行.
NOTIC: [8] Undefined offset: 14 D:\phpstudy\phpstudy\PHPTutorial\WWW\item\sign\sign\Application\Sign\Controller\RoommainController.class.php 第 89 行.
NOTIC: [8] Undefined offset: 15 D:\phpstudy\phpstudy\PHPTutorial\WWW\item\sign\sign\Application\Sign\Controller\RoommainController.class.php 第 89 行.
NOTIC: [8] Undefined offset: 16 D:\phpstudy\phpstudy\PHPTutorial\WWW\item\sign\sign\Application\Sign\Controller\RoommainController.class.php 第 89 行.
NOTIC: [8] Undefined offset: 17 D:\phpstudy\phpstudy\PHPTutorial\WWW\item\sign\sign\Application\Sign\Controller\RoommainController.class.php 第 89 行.
NOTIC: [8] Undefined offset: 18 D:\phpstudy\phpstudy\PHPTutorial\WWW\item\sign\sign\Application\Sign\Controller\RoommainController.class.php 第 89 行.
NOTIC: [8] Undefined offset: 19 D:\phpstudy\phpstudy\PHPTutorial\WWW\item\sign\sign\Application\Sign\Controller\RoommainController.class.php 第 89 行.
NOTIC: [8] Undefined offset: 20 D:\phpstudy\phpstudy\PHPTutorial\WWW\item\sign\sign\Application\Sign\Controller\RoommainController.class.php 第 89 行.
NOTIC: [8] Undefined offset: 21 D:\phpstudy\phpstudy\PHPTutorial\WWW\item\sign\sign\Application\Sign\Controller\RoommainController.class.php 第 89 行.
NOTIC: [8] Undefined offset: 22 D:\phpstudy\phpstudy\PHPTutorial\WWW\item\sign\sign\Application\Sign\Controller\RoommainController.class.php 第 89 行.
NOTIC: [8] Undefined offset: 23 D:\phpstudy\phpstudy\PHPTutorial\WWW\item\sign\sign\Application\Sign\Controller\RoommainController.class.php 第 89 行.
NOTIC: [8] Undefined offset: 24 D:\phpstudy\phpstudy\PHPTutorial\WWW\item\sign\sign\Application\Sign\Controller\RoommainController.class.php 第 89 行.
NOTIC: [8] Undefined offset: 25 D:\phpstudy\phpstudy\PHPTutorial\WWW\item\sign\sign\Application\Sign\Controller\RoommainController.class.php 第 89 行.
NOTIC: [8] Undefined offset: 26 D:\phpstudy\phpstudy\PHPTutorial\WWW\item\sign\sign\Application\Sign\Controller\RoommainController.class.php 第 89 行.
NOTIC: [8] Undefined offset: 27 D:\phpstudy\phpstudy\PHPTutorial\WWW\item\sign\sign\Application\Sign\Controller\RoommainController.class.php 第 89 行.
NOTIC: [8] Undefined offset: 28 D:\phpstudy\phpstudy\PHPTutorial\WWW\item\sign\sign\Application\Sign\Controller\RoommainController.class.php 第 89 行.
NOTIC: [8] Undefined offset: 29 D:\phpstudy\phpstudy\PHPTutorial\WWW\item\sign\sign\Application\Sign\Controller\RoommainController.class.php 第 89 行.
INFO: [ app_end ] --START--
INFO: Run Behavior\ShowPageTraceBehavior [ RunTime:0.000959s ]
INFO: [ app_end ] --END-- [ RunTime:0.001021s ]

[ 2018-02-21T10:09:30+08:00 ] 127.0.0.1 /index.php/Sign/Roommain/del_show.html?room_id=k300
INFO: [ app_init ] --START--
INFO: Run Behavior\BuildLiteBehavior [ RunTime:0.000013s ]
INFO: [ app_init ] --END-- [ RunTime:0.000586s ]
INFO: [ app_begin ] --START--
INFO: Run Behavior\ReadHtmlCacheBehavior [ RunTime:0.000918s ]
INFO: [ app_begin ] --END-- [ RunTime:0.000998s ]
INFO: [ view_parse ] --START--
INFO: [ template_filter ] --START--
INFO: Run Behavior\ContentReplaceBehavior [ RunTime:0.000065s ]
INFO: [ template_filter ] --END-- [ RunTime:0.000118s ]
INFO: Run Behavior\ParseTemplateBehavior [ RunTime:0.008373s ]
INFO: [ view_parse ] --END-- [ RunTime:0.008424s ]
INFO: [ view_filter ] --START--
INFO: Run Behavior\WriteHtmlCacheBehavior [ RunTime:0.000567s ]
INFO: [ view_filter ] --END-- [ RunTime:0.000625s ]
INFO: [ app_end ] --START--
INFO: Run Behavior\ShowPageTraceBehavior [ RunTime:0.001108s ]
INFO: [ app_end ] --END-- [ RunTime:0.001153s ]

[ 2018-02-21T10:09:31+08:00 ] 127.0.0.1 /index.php/Sign/Roommain/find_location.html?data=%22k300%22
INFO: [ app_init ] --START--
INFO: Run Behavior\BuildLiteBehavior [ RunTime:0.000021s ]
INFO: [ app_init ] --END-- [ RunTime:0.000791s ]
INFO: [ app_begin ] --START--
INFO: Run Behavior\ReadHtmlCacheBehavior [ RunTime:0.000845s ]
INFO: [ app_begin ] --END-- [ RunTime:0.000936s ]
NOTIC: [8] Use of undefined constant data - assumed 'data' D:\phpstudy\phpstudy\PHPTutorial\WWW\item\sign\sign\Application\Sign\Controller\RoommainController.class.php 第 68 行.
NOTIC: [8] Use of undefined constant data - assumed 'data' D:\phpstudy\phpstudy\PHPTutorial\WWW\item\sign\sign\Application\Sign\Controller\RoommainController.class.php 第 69 行.
NOTIC: [8] Use of undefined constant seat_location - assumed 'seat_location' D:\phpstudy\phpstudy\PHPTutorial\WWW\item\sign\sign\Application\Sign\Controller\RoommainController.class.php 第 81 行.
NOTIC: [8] Use of undefined constant seat_location - assumed 'seat_location' D:\phpstudy\phpstudy\PHPTutorial\WWW\item\sign\sign\Application\Sign\Controller\RoommainController.class.php 第 81 行.
NOTIC: [8] Use of undefined constant seat_location - assumed 'seat_location' D:\phpstudy\phpstudy\PHPTutorial\WWW\item\sign\sign\Application\Sign\Controller\RoommainController.class.php 第 81 行.
NOTIC: [8] Use of undefined constant seat_location - assumed 'seat_location' D:\phpstudy\phpstudy\PHPTutorial\WWW\item\sign\sign\Application\Sign\Controller\RoommainController.class.php 第 81 行.
NOTIC: [8] Use of undefined constant seat_location - assumed 'seat_location' D:\phpstudy\phpstudy\PHPTutorial\WWW\item\sign\sign\Application\Sign\Controller\RoommainController.class.php 第 81 行.
NOTIC: [8] Undefined variable: myarray D:\phpstudy\phpstudy\PHPTutorial\WWW\item\sign\sign\Application\Sign\Controller\RoommainController.class.php 第 89 行.
NOTIC: [8] Undefined offset: 1 D:\phpstudy\phpstudy\PHPTutorial\WWW\item\sign\sign\Application\Sign\Controller\RoommainController.class.php 第 89 行.
NOTIC: [8] Undefined offset: 2 D:\phpstudy\phpstudy\PHPTutorial\WWW\item\sign\sign\Application\Sign\Controller\RoommainController.class.php 第 89 行.
NOTIC: [8] Undefined offset: 3 D:\phpstudy\phpstudy\PHPTutorial\WWW\item\sign\sign\Application\Sign\Controller\RoommainController.class.php 第 89 行.
NOTIC: [8] Undefined offset: 4 D:\phpstudy\phpstudy\PHPTutorial\WWW\item\sign\sign\Application\Sign\Controller\RoommainController.class.php 第 89 行.
NOTIC: [8] Undefined offset: 5 D:\phpstudy\phpstudy\PHPTutorial\WWW\item\sign\sign\Application\Sign\Controller\RoommainController.class.php 第 89 行.
NOTIC: [8] Undefined offset: 6 D:\phpstudy\phpstudy\PHPTutorial\WWW\item\sign\sign\Application\Sign\Controller\RoommainController.class.php 第 89 行.
NOTIC: [8] Undefined offset: 7 D:\phpstudy\phpstudy\PHPTutorial\WWW\item\sign\sign\Application\Sign\Controller\RoommainController.class.php 第 89 行.
NOTIC: [8] Undefined offset: 8 D:\phpstudy\phpstudy\PHPTutorial\WWW\item\sign\sign\Application\Sign\Controller\RoommainController.class.php 第 89 行.
NOTIC: [8] Undefined offset: 9 D:\phpstudy\phpstudy\PHPTutorial\WWW\item\sign\sign\Application\Sign\Controller\RoommainController.class.php 第 89 行.
NOTIC: [8] Undefined offset: 10 D:\phpstudy\phpstudy\PHPTutorial\WWW\item\sign\sign\Application\Sign\Controller\RoommainController.class.php 第 89 行.
NOTIC: [8] Undefined offset: 11 D:\phpstudy\phpstudy\PHPTutorial\WWW\item\sign\sign\Application\Sign\Controller\RoommainController.class.php 第 89 行.
NOTIC: [8] Undefined offset: 12 D:\phpstudy\phpstudy\PHPTutorial\WWW\item\sign\sign\Application\Sign\Controller\RoommainController.class.php 第 89 行.
NOTIC: [8] Undefined offset: 13 D:\phpstudy\phpstudy\PHPTutorial\WWW\item\sign\sign\Application\Sign\Controller\RoommainController.class.php 第 89 行.
NOTIC: [8] Undefined offset: 14 D:\phpstudy\phpstudy\PHPTutorial\WWW\item\sign\sign\Application\Sign\Controller\RoommainController.class.php 第 89 行.
NOTIC: [8] Undefined offset: 15 D:\phpstudy\phpstudy\PHPTutorial\WWW\item\sign\sign\Application\Sign\Controller\RoommainController.class.php 第 89 行.
NOTIC: [8] Undefined offset: 16 D:\phpstudy\phpstudy\PHPTutorial\WWW\item\sign\sign\Application\Sign\Controller\RoommainController.class.php 第 89 行.
NOTIC: [8] Undefined offset: 17 D:\phpstudy\phpstudy\PHPTutorial\WWW\item\sign\sign\Application\Sign\Controller\RoommainController.class.php 第 89 行.
NOTIC: [8] Undefined offset: 18 D:\phpstudy\phpstudy\PHPTutorial\WWW\item\sign\sign\Application\Sign\Controller\RoommainController.class.php 第 89 行.
NOTIC: [8] Undefined offset: 19 D:\phpstudy\phpstudy\PHPTutorial\WWW\item\sign\sign\Application\Sign\Controller\RoommainController.class.php 第 89 行.
NOTIC: [8] Undefined offset: 20 D:\phpstudy\phpstudy\PHPTutorial\WWW\item\sign\sign\Application\Sign\Controller\RoommainController.class.php 第 89 行.
NOTIC: [8] Undefined offset: 21 D:\phpstudy\phpstudy\PHPTutorial\WWW\item\sign\sign\Application\Sign\Controller\RoommainController.class.php 第 89 行.
NOTIC: [8] Undefined offset: 22 D:\phpstudy\phpstudy\PHPTutorial\WWW\item\sign\sign\Application\Sign\Controller\RoommainController.class.php 第 89 行.
NOTIC: [8] Undefined offset: 23 D:\phpstudy\phpstudy\PHPTutorial\WWW\item\sign\sign\Application\Sign\Controller\RoommainController.class.php 第 89 行.
NOTIC: [8] Undefined offset: 24 D:\phpstudy\phpstudy\PHPTutorial\WWW\item\sign\sign\Application\Sign\Controller\RoommainController.class.php 第 89 行.
NOTIC: [8] Undefined offset: 25 D:\phpstudy\phpstudy\PHPTutorial\WWW\item\sign\sign\Application\Sign\Controller\RoommainController.class.php 第 89 行.
NOTIC: [8] Undefined offset: 26 D:\phpstudy\phpstudy\PHPTutorial\WWW\item\sign\sign\Application\Sign\Controller\RoommainController.class.php 第 89 行.
NOTIC: [8] Undefined offset: 27 D:\phpstudy\phpstudy\PHPTutorial\WWW\item\sign\sign\Application\Sign\Controller\RoommainController.class.php 第 89 行.
NOTIC: [8] Undefined offset: 28 D:\phpstudy\phpstudy\PHPTutorial\WWW\item\sign\sign\Application\Sign\Controller\RoommainController.class.php 第 89 行.
NOTIC: [8] Undefined offset: 29 D:\phpstudy\phpstudy\PHPTutorial\WWW\item\sign\sign\Application\Sign\Controller\RoommainController.class.php 第 89 行.
INFO: [ app_end ] --START--
INFO: Run Behavior\ShowPageTraceBehavior [ RunTime:0.001566s ]
INFO: [ app_end ] --END-- [ RunTime:0.001632s ]

[ 2018-02-21T10:24:28+08:00 ] 127.0.0.1 /index.php/Sign/Roommain/memberdel.html
INFO: [ app_init ] --START--
INFO: Run Behavior\BuildLiteBehavior [ RunTime:0.000014s ]
INFO: [ app_init ] --END-- [ RunTime:0.000627s ]
INFO: [ app_begin ] --START--
INFO: Run Behavior\ReadHtmlCacheBehavior [ RunTime:0.000873s ]
INFO: [ app_begin ] --END-- [ RunTime:0.000918s ]
INFO: [ view_parse ] --START--
INFO: [ template_filter ] --START--
INFO: Run Behavior\ContentReplaceBehavior [ RunTime:0.000123s ]
INFO: [ template_filter ] --END-- [ RunTime:0.000187s ]
INFO: Run Behavior\ParseTemplateBehavior [ RunTime:0.013775s ]
INFO: [ view_parse ] --END-- [ RunTime:0.013839s ]
INFO: [ view_filter ] --START--
INFO: Run Behavior\WriteHtmlCacheBehavior [ RunTime:0.000638s ]
INFO: [ view_filter ] --END-- [ RunTime:0.000673s ]
INFO: [ app_end ] --START--
INFO: Run Behavior\ShowPageTraceBehavior [ RunTime:0.001165s ]
INFO: [ app_end ] --END-- [ RunTime:0.001218s ]

[ 2018-02-21T10:24:30+08:00 ] 127.0.0.1 /index.php/Sign/Roommain/del_show.html?room_id=123
INFO: [ app_init ] --START--
INFO: Run Behavior\BuildLiteBehavior [ RunTime:0.000016s ]
INFO: [ app_init ] --END-- [ RunTime:0.000693s ]
INFO: [ app_begin ] --START--
INFO: Run Behavior\ReadHtmlCacheBehavior [ RunTime:0.001368s ]
INFO: [ app_begin ] --END-- [ RunTime:0.001491s ]
INFO: [ view_parse ] --START--
INFO: [ template_filter ] --START--
INFO: Run Behavior\ContentReplaceBehavior [ RunTime:0.000071s ]
INFO: [ template_filter ] --END-- [ RunTime:0.000126s ]
INFO: Run Behavior\ParseTemplateBehavior [ RunTime:0.011179s ]
INFO: [ view_parse ] --END-- [ RunTime:0.011244s ]
INFO: [ view_filter ] --START--
INFO: Run Behavior\WriteHtmlCacheBehavior [ RunTime:0.000584s ]
INFO: [ view_filter ] --END-- [ RunTime:0.000637s ]
INFO: [ app_end ] --START--
INFO: Run Behavior\ShowPageTraceBehavior [ RunTime:0.001317s ]
INFO: [ app_end ] --END-- [ RunTime:0.001379s ]

[ 2018-02-21T10:24:31+08:00 ] 127.0.0.1 /index.php/Sign/Roommain/find_location.html?data=%22123%22
INFO: [ app_init ] --START--
INFO: Run Behavior\BuildLiteBehavior [ RunTime:0.000015s ]
INFO: [ app_init ] --END-- [ RunTime:0.000740s ]
INFO: [ app_begin ] --START--
INFO: Run Behavior\ReadHtmlCacheBehavior [ RunTime:0.002497s ]
INFO: [ app_begin ] --END-- [ RunTime:0.002831s ]
NOTIC: [8] Use of undefined constant data - assumed 'data' D:\phpstudy\phpstudy\PHPTutorial\WWW\item\sign\sign\Application\Sign\Controller\RoommainController.class.php 第 68 行.
NOTIC: [8] Use of undefined constant data - assumed 'data' D:\phpstudy\phpstudy\PHPTutorial\WWW\item\sign\sign\Application\Sign\Controller\RoommainController.class.php 第 69 行.
NOTIC: [8] Use of undefined constant seat_location - assumed 'seat_location' D:\phpstudy\phpstudy\PHPTutorial\WWW\item\sign\sign\Application\Sign\Controller\RoommainController.class.php 第 81 行.
NOTIC: [8] Use of undefined constant seat_location - assumed 'seat_location' D:\phpstudy\phpstudy\PHPTutorial\WWW\item\sign\sign\Application\Sign\Controller\RoommainController.class.php 第 81 行.
NOTIC: [8] Use of undefined constant seat_location - assumed 'seat_location' D:\phpstudy\phpstudy\PHPTutorial\WWW\item\sign\sign\Application\Sign\Controller\RoommainController.class.php 第 81 行.
NOTIC: [8] Use of undefined constant seat_location - assumed 'seat_location' D:\phpstudy\phpstudy\PHPTutorial\WWW\item\sign\sign\Application\Sign\Controller\RoommainController.class.php 第 81 行.
NOTIC: [8] Use of undefined constant seat_location - assumed 'seat_location' D:\phpstudy\phpstudy\PHPTutorial\WWW\item\sign\sign\Application\Sign\Controller\RoommainController.class.php 第 81 行.
NOTIC: [8] Use of undefined constant seat_location - assumed 'seat_location' D:\phpstudy\phpstudy\PHPTutorial\WWW\item\sign\sign\Application\Sign\Controller\RoommainController.class.php 第 81 行.
NOTIC: [8] Use of undefined constant seat_location - assumed 'seat_location' D:\phpstudy\phpstudy\PHPTutorial\WWW\item\sign\sign\Application\Sign\Controller\RoommainController.class.php 第 81 行.
NOTIC: [8] Use of undefined constant seat_location - assumed 'seat_location' D:\phpstudy\phpstudy\PHPTutorial\WWW\item\sign\sign\Application\Sign\Controller\RoommainController.class.php 第 81 行.
NOTIC: [8] Use of undefined constant seat_location - assumed 'seat_location' D:\phpstudy\phpstudy\PHPTutorial\WWW\item\sign\sign\Application\Sign\Controller\RoommainController.class.php 第 81 行.
NOTIC: [8] Use of undefined constant seat_location - assumed 'seat_location' D:\phpstudy\phpstudy\PHPTutorial\WWW\item\sign\sign\Application\Sign\Controller\RoommainController.class.php 第 81 行.
NOTIC: [8] Use of undefined constant seat_location - assumed 'seat_location' D:\phpstudy\phpstudy\PHPTutorial\WWW\item\sign\sign\Application\Sign\Controller\RoommainController.class.php 第 81 行.
NOTIC: [8] Use of undefined constant seat_location - assumed 'seat_location' D:\phpstudy\phpstudy\PHPTutorial\WWW\item\sign\sign\Application\Sign\Controller\RoommainController.class.php 第 81 行.
NOTIC: [8] Use of undefined constant seat_location - assumed 'seat_location' D:\phpstudy\phpstudy\PHPTutorial\WWW\item\sign\sign\Application\Sign\Controller\RoommainController.class.php 第 81 行.
NOTIC: [8] Use of undefined constant seat_location - assumed 'seat_location' D:\phpstudy\phpstudy\PHPTutorial\WWW\item\sign\sign\Application\Sign\Controller\RoommainController.class.php 第 81 行.
NOTIC: [8] Use of undefined constant seat_location - assumed 'seat_location' D:\phpstudy\phpstudy\PHPTutorial\WWW\item\sign\sign\Application\Sign\Controller\RoommainController.class.php 第 81 行.
NOTIC: [8] Use of undefined constant seat_location - assumed 'seat_location' D:\phpstudy\phpstudy\PHPTutorial\WWW\item\sign\sign\Application\Sign\Controller\RoommainController.class.php 第 81 行.
NOTIC: [8] Use of undefined constant seat_location - assumed 'seat_location' D:\phpstudy\phpstudy\PHPTutorial\WWW\item\sign\sign\Application\Sign\Controller\RoommainController.class.php 第 81 行.
NOTIC: [8] Use of undefined constant seat_location - assumed 'seat_location' D:\phpstudy\phpstudy\PHPTutorial\WWW\item\sign\sign\Application\Sign\Controller\RoommainController.class.php 第 81 行.
NOTIC: [8] Use of undefined constant seat_location - assumed 'seat_location' D:\phpstudy\phpstudy\PHPTutorial\WWW\item\sign\sign\Application\Sign\Controller\RoommainController.class.php 第 81 行.
NOTIC: [8] Use of undefined constant seat_location - assumed 'seat_location' D:\phpstudy\phpstudy\PHPTutorial\WWW\item\sign\sign\Application\Sign\Controller\RoommainController.class.php 第 81 行.
NOTIC: [8] Use of undefined constant seat_location - assumed 'seat_location' D:\phpstudy\phpstudy\PHPTutorial\WWW\item\sign\sign\Application\Sign\Controller\RoommainController.class.php 第 81 行.
NOTIC: [8] Use of undefined constant seat_location - assumed 'seat_location' D:\phpstudy\phpstudy\PHPTutorial\WWW\item\sign\sign\Application\Sign\Controller\RoommainController.class.php 第 81 行.
NOTIC: [8] Use of undefined constant seat_location - assumed 'seat_location' D:\phpstudy\phpstudy\PHPTutorial\WWW\item\sign\sign\Application\Sign\Controller\RoommainController.class.php 第 81 行.
NOTIC: [8] Use of undefined constant seat_location - assumed 'seat_location' D:\phpstudy\phpstudy\PHPTutorial\WWW\item\sign\sign\Application\Sign\Controller\RoommainController.class.php 第 81 行.
NOTIC: [8] Use of undefined constant seat_location - assumed 'seat_location' D:\phpstudy\phpstudy\PHPTutorial\WWW\item\sign\sign\Application\Sign\Controller\RoommainController.class.php 第 81 行.
NOTIC: [8] Use of undefined constant seat_location - assumed 'seat_location' D:\phpstudy\phpstudy\PHPTutorial\WWW\item\sign\sign\Application\Sign\Controller\RoommainController.class.php 第 81 行.
NOTIC: [8] Use of undefined constant seat_location - assumed 'seat_location' D:\phpstudy\phpstudy\PHPTutorial\WWW\item\sign\sign\Application\Sign\Controller\RoommainController.class.php 第 81 行.
NOTIC: [8] Use of undefined constant seat_location - assumed 'seat_location' D:\phpstudy\phpstudy\PHPTutorial\WWW\item\sign\sign\Application\Sign\Controller\RoommainController.class.php 第 81 行.
NOTIC: [8] Use of undefined constant seat_location - assumed 'seat_location' D:\phpstudy\phpstudy\PHPTutorial\WWW\item\sign\sign\Application\Sign\Controller\RoommainController.class.php 第 81 行.
NOTIC: [8] Use of undefined constant seat_location - assumed 'seat_location' D:\phpstudy\phpstudy\PHPTutorial\WWW\item\sign\sign\Application\Sign\Controller\RoommainController.class.php 第 81 行.
NOTIC: [8] Use of undefined constant seat_location - assumed 'seat_location' D:\phpstudy\phpstudy\PHPTutorial\WWW\item\sign\sign\Application\Sign\Controller\RoommainController.class.php 第 81 行.
NOTIC: [8] Use of undefined constant seat_location - assumed 'seat_location' D:\phpstudy\phpstudy\PHPTutorial\WWW\item\sign\sign\Application\Sign\Controller\RoommainController.class.php 第 81 行.
NOTIC: [8] Use of undefined constant seat_location - assumed 'seat_location' D:\phpstudy\phpstudy\PHPTutorial\WWW\item\sign\sign\Application\Sign\Controller\RoommainController.class.php 第 81 行.
NOTIC: [8] Use of undefined constant seat_location - assumed 'seat_location' D:\phpstudy\phpstudy\PHPTutorial\WWW\item\sign\sign\Application\Sign\Controller\RoommainController.class.php 第 81 行.
NOTIC: [8] Use of undefined constant seat_location - assumed 'seat_location' D:\phpstudy\phpstudy\PHPTutorial\WWW\item\sign\sign\Application\Sign\Controller\RoommainController.class.php 第 81 行.
NOTIC: [8] Use of undefined constant seat_location - assumed 'seat_location' D:\phpstudy\phpstudy\PHPTutorial\WWW\item\sign\sign\Application\Sign\Controller\RoommainController.class.php 第 81 行.
NOTIC: [8] Undefined variable: myarray D:\phpstudy\phpstudy\PHPTutorial\WWW\item\sign\sign\Application\Sign\Controller\RoommainController.class.php 第 89 行.
NOTIC: [8] Undefined offset: 1 D:\phpstudy\phpstudy\PHPTutorial\WWW\item\sign\sign\Application\Sign\Controller\RoommainController.class.php 第 89 行.
NOTIC: [8] Undefined offset: 2 D:\phpstudy\phpstudy\PHPTutorial\WWW\item\sign\sign\Application\Sign\Controller\RoommainController.class.php 第 89 行.
NOTIC: [8] Undefined offset: 3 D:\phpstudy\phpstudy\PHPTutorial\WWW\item\sign\sign\Application\Sign\Controller\RoommainController.class.php 第 89 行.
NOTIC: [8] Undefined offset: 4 D:\phpstudy\phpstudy\PHPTutorial\WWW\item\sign\sign\Application\Sign\Controller\RoommainController.class.php 第 89 行.
NOTIC: [8] Undefined offset: 5 D:\phpstudy\phpstudy\PHPTutorial\WWW\item\sign\sign\Application\Sign\Controller\RoommainController.class.php 第 89 行.
NOTIC: [8] Undefined offset: 6 D:\phpstudy\phpstudy\PHPTutorial\WWW\item\sign\sign\Application\Sign\Controller\RoommainController.class.php 第 89 行.
NOTIC: [8] Undefined offset: 7 D:\phpstudy\phpstudy\PHPTutorial\WWW\item\sign\sign\Application\Sign\Controller\RoommainController.class.php 第 89 行.
NOTIC: [8] Undefined offset: 8 D:\phpstudy\phpstudy\PHPTutorial\WWW\item\sign\sign\Application\Sign\Controller\RoommainController.class.php 第 89 行.
NOTIC: [8] Undefined offset: 9 D:\phpstudy\phpstudy\PHPTutorial\WWW\item\sign\sign\Application\Sign\Controller\RoommainController.class.php 第 89 行.
NOTIC: [8] Undefined offset: 10 D:\phpstudy\phpstudy\PHPTutorial\WWW\item\sign\sign\Application\Sign\Controller\RoommainController.class.php 第 89 行.
NOTIC: [8] Undefined offset: 11 D:\phpstudy\phpstudy\PHPTutorial\WWW\item\sign\sign\Application\Sign\Controller\RoommainController.class.php 第 89 行.
NOTIC: [8] Undefined offset: 12 D:\phpstudy\phpstudy\PHPTutorial\WWW\item\sign\sign\Application\Sign\Controller\RoommainController.class.php 第 89 行.
NOTIC: [8] Undefined offset: 13 D:\phpstudy\phpstudy\PHPTutorial\WWW\item\sign\sign\Application\Sign\Controller\RoommainController.class.php 第 89 行.
NOTIC: [8] Undefined offset: 14 D:\phpstudy\phpstudy\PHPTutorial\WWW\item\sign\sign\Application\Sign\Controller\RoommainController.class.php 第 89 行.
NOTIC: [8] Undefined offset: 15 D:\phpstudy\phpstudy\PHPTutorial\WWW\item\sign\sign\Application\Sign\Controller\RoommainController.class.php 第 89 行.
NOTIC: [8] Undefined offset: 16 D:\phpstudy\phpstudy\PHPTutorial\WWW\item\sign\sign\Application\Sign\Controller\RoommainController.class.php 第 89 行.
NOTIC: [8] Undefined offset: 17 D:\phpstudy\phpstudy\PHPTutorial\WWW\item\sign\sign\Application\Sign\Controller\RoommainController.class.php 第 89 行.
NOTIC: [8] Undefined offset: 18 D:\phpstudy\phpstudy\PHPTutorial\WWW\item\sign\sign\Application\Sign\Controller\RoommainController.class.php 第 89 行.
NOTIC: [8] Undefined offset: 19 D:\phpstudy\phpstudy\PHPTutorial\WWW\item\sign\sign\Application\Sign\Controller\RoommainController.class.php 第 89 行.
NOTIC: [8] Undefined offset: 20 D:\phpstudy\phpstudy\PHPTutorial\WWW\item\sign\sign\Application\Sign\Controller\RoommainController.class.php 第 89 行.
NOTIC: [8] Undefined offset: 21 D:\phpstudy\phpstudy\PHPTutorial\WWW\item\sign\sign\Application\Sign\Controller\RoommainController.class.php 第 89 行.
NOTIC: [8] Undefined offset: 22 D:\phpstudy\phpstudy\PHPTutorial\WWW\item\sign\sign\Application\Sign\Controller\RoommainController.class.php 第 89 行.
NOTIC: [8] Undefined offset: 23 D:\phpstudy\phpstudy\PHPTutorial\WWW\item\sign\sign\Application\Sign\Controller\RoommainController.class.php 第 89 行.
NOTIC: [8] Undefined offset: 24 D:\phpstudy\phpstudy\PHPTutorial\WWW\item\sign\sign\Application\Sign\Controller\RoommainController.class.php 第 89 行.
NOTIC: [8] Undefined offset: 25 D:\phpstudy\phpstudy\PHPTutorial\WWW\item\sign\sign\Application\Sign\Controller\RoommainController.class.php 第 89 行.
NOTIC: [8] Undefined offset: 26 D:\phpstudy\phpstudy\PHPTutorial\WWW\item\sign\sign\Application\Sign\Controller\RoommainController.class.php 第 89 行.
NOTIC: [8] Undefined offset: 27 D:\phpstudy\phpstudy\PHPTutorial\WWW\item\sign\sign\Application\Sign\Controller\RoommainController.class.php 第 89 行.
NOTIC: [8] Undefined offset: 28 D:\phpstudy\phpstudy\PHPTutorial\WWW\item\sign\sign\Application\Sign\Controller\RoommainController.class.php 第 89 行.
NOTIC: [8] Undefined offset: 29 D:\phpstudy\phpstudy\PHPTutorial\WWW\item\sign\sign\Application\Sign\Controller\RoommainController.class.php 第 89 行.
INFO: [ app_end ] --START--
INFO: Run Behavior\ShowPageTraceBehavior [ RunTime:0.000978s ]
INFO: [ app_end ] --END-- [ RunTime:0.001020s ]

[ 2018-02-21T10:35:55+08:00 ] 127.0.0.1 /index.php/Sign/Roommain/memberdel.html
INFO: [ app_init ] --START--
INFO: Run Behavior\BuildLiteBehavior [ RunTime:0.000019s ]
INFO: [ app_init ] --END-- [ RunTime:0.000867s ]
INFO: [ app_begin ] --START--
INFO: Run Behavior\ReadHtmlCacheBehavior [ RunTime:0.000927s ]
INFO: [ app_begin ] --END-- [ RunTime:0.000981s ]
INFO: [ view_parse ] --START--
INFO: [ template_filter ] --START--
INFO: Run Behavior\ContentReplaceBehavior [ RunTime:0.000081s ]
INFO: [ template_filter ] --END-- [ RunTime:0.000142s ]
INFO: Run Behavior\ParseTemplateBehavior [ RunTime:0.011294s ]
INFO: [ view_parse ] --END-- [ RunTime:0.011412s ]
INFO: [ view_filter ] --START--
INFO: Run Behavior\WriteHtmlCacheBehavior [ RunTime:0.000617s ]
INFO: [ view_filter ] --END-- [ RunTime:0.000652s ]
INFO: [ app_end ] --START--
INFO: Run Behavior\ShowPageTraceBehavior [ RunTime:0.001315s ]
INFO: [ app_end ] --END-- [ RunTime:0.001432s ]

