[ 2018-02-18T16:37:09+08:00 ] 127.0.0.1 /index.php/Room/main/member-del.html
INFO: [ app_init ] --START--
INFO: Run Behavior\BuildLiteBehavior [ RunTime:0.000014s ]
INFO: [ app_init ] --END-- [ RunTime:0.000628s ]
ERR: 无法加载模块:Room

[ 2018-02-18T16:37:51+08:00 ] 127.0.0.1 /index.php/Room/main/member-del.html
INFO: [ app_init ] --START--
INFO: Run Behavior\BuildLiteBehavior [ RunTime:0.000017s ]
INFO: [ app_init ] --END-- [ RunTime:0.000596s ]
ERR: 无法加载模块:Room

[ 2018-02-18T16:37:55+08:00 ] 127.0.0.1 /index.php/Room/main/member-del.html
INFO: [ app_init ] --START--
INFO: Run Behavior\BuildLiteBehavior [ RunTime:0.000014s ]
INFO: [ app_init ] --END-- [ RunTime:0.000581s ]
ERR: 无法加载模块:Room

[ 2018-02-18T16:38:00+08:00 ] 127.0.0.1 /index.php/Room/main/member-del.html
INFO: [ app_init ] --START--
INFO: Run Behavior\BuildLiteBehavior [ RunTime:0.000040s ]
INFO: [ app_init ] --END-- [ RunTime:0.000623s ]
ERR: 无法加载模块:Room

[ 2018-02-18T16:38:03+08:00 ] 127.0.0.1 /index.php/Room/main/member-del.html
INFO: [ app_init ] --START--
INFO: Run Behavior\BuildLiteBehavior [ RunTime:0.000023s ]
INFO: [ app_init ] --END-- [ RunTime:0.000761s ]
ERR: 无法加载模块:Room

[ 2018-02-18T16:38:44+08:00 ] 127.0.0.1 /index.php/Room/main/member-del.html
INFO: [ app_init ] --START--
INFO: Run Behavior\BuildLiteBehavior [ RunTime:0.000021s ]
INFO: [ app_init ] --END-- [ RunTime:0.000605s ]
ERR: 无法加载模块:Room

[ 2018-02-18T16:38:48+08:00 ] 127.0.0.1 /index.php/Room/main/member-del.html
INFO: [ app_init ] --START--
INFO: Run Behavior\BuildLiteBehavior [ RunTime:0.000013s ]
INFO: [ app_init ] --END-- [ RunTime:0.000537s ]
ERR: 无法加载模块:Room

